<?xml version="1.0" encoding="UTF-8"?>
<!-- Generated by org.testng.reporters.JUnitReportReporter -->
<testsuite hostname="Dell-22D23" failures="0" tests="1" name="magentoLab.signUpProcess" time="0.509" errors="0" timestamp="2023-10-23T11:42:17 EET" skipped="0">
  <testcase classname="magentoLab.signUpProcess" name="myTest" time="0.509"/>
</testsuite> <!-- magentoLab.signUpProcess -->
